c:\users\529106896\source\repos\lab3\lab3\x64\debug\vc142.pdb
c:\users\529106896\source\repos\lab3\lab3\x64\debug\vc142.idb
c:\users\529106896\source\repos\lab3\lab3\x64\debug\lab3_1.obj
c:\users\529106896\source\repos\lab3\lab3\x64\debug\plyloader.obj
c:\users\529106896\source\repos\lab3\x64\debug\lab3.pdb
c:\users\529106896\source\repos\lab3\lab3\x64\debug\lab3.tlog\cl.command.1.tlog
c:\users\529106896\source\repos\lab3\lab3\x64\debug\lab3.tlog\cl.read.1.tlog
c:\users\529106896\source\repos\lab3\lab3\x64\debug\lab3.tlog\cl.write.1.tlog
c:\users\529106896\source\repos\lab3\lab3\x64\debug\lab3.tlog\link-cvtres.read.1.tlog
c:\users\529106896\source\repos\lab3\lab3\x64\debug\lab3.tlog\link-cvtres.write.1.tlog
c:\users\529106896\source\repos\lab3\lab3\x64\debug\lab3.tlog\link-rc.read.1.tlog
c:\users\529106896\source\repos\lab3\lab3\x64\debug\lab3.tlog\link-rc.write.1.tlog
c:\users\529106896\source\repos\lab3\lab3\x64\debug\lab3.tlog\link.9960-cvtres.read.1.tlog
c:\users\529106896\source\repos\lab3\lab3\x64\debug\lab3.tlog\link.9960-cvtres.write.1.tlog
c:\users\529106896\source\repos\lab3\lab3\x64\debug\lab3.tlog\link.9960-rc.read.1.tlog
c:\users\529106896\source\repos\lab3\lab3\x64\debug\lab3.tlog\link.9960-rc.write.1.tlog
c:\users\529106896\source\repos\lab3\lab3\x64\debug\lab3.tlog\link.9960.read.1.tlog
c:\users\529106896\source\repos\lab3\lab3\x64\debug\lab3.tlog\link.9960.write.1.tlog
c:\users\529106896\source\repos\lab3\lab3\x64\debug\lab3.tlog\link.command.1.tlog
c:\users\529106896\source\repos\lab3\lab3\x64\debug\lab3.tlog\link.read.1.tlog
c:\users\529106896\source\repos\lab3\lab3\x64\debug\lab3.tlog\link.write.1.tlog
